1000000
trainning data 949999 val data 50001
0 949999
1 949999
2 949999
3 949999
4 949999
5 949999
6 949999
7 949999
8 949999
9 949999
image shape (200, 2, 50, 50)
filter shape (8, 2, 3, 3)
(200, 50)
[[-0.00495515  0.00900004 -0.00096677 ...,  0.01005373  0.00566413
  -0.00391159]
 [-0.00129505  0.00459958  0.00414315 ...,  0.00346151  0.00427466
  -0.00043501]
 [ 0.01295957 -0.00281432  0.00716429 ...,  0.00355736  0.01313415 -0.02565   ]
 ..., 
 [ 0.02405095  0.00717503  0.00153334 ...,  0.01194805 -0.00143187
  -0.00703582]
 [-0.00549631  0.00202413  0.0063721  ...,  0.01327237  0.01432441
   0.00078442]
 [-0.00101605  0.00337544  0.00235808 ...,  0.00170366  0.00307455
   0.00033454]]
50.0 0.618931480646
100.0 0.577428430915
150.0 0.559491232236
200.0 0.54426655665
250.0 0.534485639453
300.0 0.525859822035
350.0 0.516634410109
400.0 0.508753211647
450.0 0.503050266571
500.0 0.497812110841
550.0 0.492466998209
600.0 0.488953374624
650.0 0.484794754661
700.0 0.481267909833
750.0 0.477812561274
800.0 0.474032716639
850.0 0.471370315412
900.0 0.468384201162
950.0 0.465959802521
1000.0 0.463694195211
1050.0 0.461832046225
1100.0 0.460238897719
1150.0 0.458337458735
1200.0 0.456622004112
1250.0 0.45443365767
1300.0 0.452454000276
1350.0 0.450816251282
1400.0 0.449137074607
1450.0 0.447879042687
1500.0 0.446243669291
1550.0 0.444812371
1600.0 0.443465784546
1650.0 0.44242109613
1700.0 0.441314119907
1750.0 0.44031658692
1800.0 0.43886647736
1850.0 0.437949069481
1900.0 0.436860333101
1950.0 0.435911050867
2000.0 0.434852039993
2050.0 0.434120699851
2100.0 0.433190767964
2150.0 0.432325505684
2200.0 0.431629725139
2250.0 0.430631936749
2300.0 0.429620484204
2350.0 0.429023099554
2400.0 0.428134506059
2450.0 0.427385864757
2500.0 0.426625497425
2550.0 0.425959911533
2600.0 0.425209409801
2650.0 0.424528363437
2700.0 0.423818676869
2750.0 0.42311960604
2800.0 0.422656407378
2850.0 0.42194413136
2900.0 0.421261759894
2950.0 0.420510730875
3000.0 0.419817042649
3050.0 0.419110206248
3100.0 0.418560242643
3150.0 0.417953797986
3200.0 0.417278843587
3250.0 0.416774159046
3300.0 0.416073834833
3350.0 0.415473289605
3400.0 0.415063507741
3450.0 0.41448120239
3500.0 0.4139212362
3550.0 0.413420077806
3600.0 0.412968272559
3650.0 0.412581434087
3700.0 0.412107234646
3750.0 0.411595332718
3800.0 0.411180361674
3850.0 0.410658077365
3900.0 0.410260089827
3950.0 0.409875217555
4000.0 0.409383344032
4050.0 0.408949015869
4100.0 0.408522939144
4150.0 0.408058154447
4200.0 0.407609980646
4250.0 0.407144552364
4300.0 0.406738430504
4350.0 0.406321126682
4400.0 0.406004484052
4450.0 0.405620778484
4500.0 0.405106730819
4550.0 0.4047054854
4600.0 0.404314886668
4650.0 0.404025075025
4700.0 0.403754920471
echo 0 loss 0.403483
echo 0 dev_loss 0.371243
echo 0 dev_accuracy 0.832460
50.0 0.32524918139
100.0 0.323965633214
150.0 0.322572090129
200.0 0.320892497525
250.0 0.32368326956
300.0 0.322438777387
350.0 0.32163820552
400.0 0.320826361403
450.0 0.320352771117
500.0 0.319980087012
550.0 0.319115709202
600.0 0.318912324881
650.0 0.319678909068
700.0 0.318952042035
750.0 0.319200945119
800.0 0.319387772325
850.0 0.319319148958
900.0 0.319480380416
950.0 0.31914045428
1000.0 0.319241242483
1050.0 0.319560626249
1100.0 0.319494215291
1150.0 0.319416531039
1200.0 0.319106989106
1250.0 0.319375430989
1300.0 0.319142312327
1350.0 0.319429364668
1400.0 0.319132307353
1450.0 0.319078739727
1500.0 0.319162541707
1550.0 0.319021877137
1600.0 0.31904814872
1650.0 0.318910919608
1700.0 0.318747954702
1750.0 0.31880270321
1800.0 0.318850308185
1850.0 0.318666655067
1900.0 0.318892901587
1950.0 0.318729426662
2000.0 0.319124071516
2050.0 0.319179855062
2100.0 0.31929085889
2150.0 0.319263144537
2200.0 0.319192932052
2250.0 0.319480317659
2300.0 0.319581605371
2350.0 0.319459381858
2400.0 0.319580700621
2450.0 0.319609190682
2500.0 0.319686218733
2550.0 0.319538681869
2600.0 0.319655144507
2650.0 0.31992466285
2700.0 0.320135976302
2750.0 0.320186144693
2800.0 0.32025509954
2850.0 0.320052989266
2900.0 0.319876582746
2950.0 0.319858960327
3000.0 0.319768036202
3050.0 0.319599103131
3100.0 0.319791911816
3150.0 0.319739604053
3200.0 0.319549470637
3250.0 0.319536042424
3300.0 0.319538994698
3350.0 0.319508219753
3400.0 0.319405184213
3450.0 0.319188292225
3500.0 0.319059292542
3550.0 0.319037864519
3600.0 0.318867923911
3650.0 0.318891982734
3700.0 0.318795109137
3750.0 0.318711045031
3800.0 0.318691402952
3850.0 0.31889857829
3900.0 0.318894170832
3950.0 0.318822665969
4000.0 0.318858846255
4050.0 0.318845751219
4100.0 0.318825445786
4150.0 0.318655739384
4200.0 0.318543721402
4250.0 0.318478289124
4300.0 0.318427221189
4350.0 0.318516648768
4400.0 0.318481385857
4450.0 0.318388407183
4500.0 0.318259199282
4550.0 0.318258089027
4600.0 0.318245001481
4650.0 0.31822378887
4700.0 0.318199143438
echo 1 loss 0.318258
echo 1 dev_loss 0.354437
echo 1 dev_accuracy 0.839120
50.0 0.244204831123
100.0 0.239878911227
150.0 0.239405730267
200.0 0.240033677295
250.0 0.240935314476
300.0 0.241261751503
350.0 0.240434900778
400.0 0.238423214331
450.0 0.237634575135
500.0 0.236439712584
550.0 0.235228710175
600.0 0.23530737107
650.0 0.236311223071
700.0 0.236320547589
750.0 0.23599375848
800.0 0.235900206082
850.0 0.235730638504
900.0 0.235825048188
950.0 0.235947597105
1000.0 0.235892594978
1050.0 0.235608478742
1100.0 0.23571656899
1150.0 0.23612574668
1200.0 0.235920114008
1250.0 0.235956413651
1300.0 0.236430675387
1350.0 0.236478846029
1400.0 0.236613670449
1450.0 0.236801456357
1500.0 0.236762644211
1550.0 0.236568441862
1600.0 0.236893080426
1650.0 0.236559585541
1700.0 0.2361483476
1750.0 0.23640948895
1800.0 0.236378847725
1850.0 0.236240704454
1900.0 0.236284761735
1950.0 0.236248448644
2000.0 0.236448331483
2050.0 0.236380292417
2100.0 0.236508428391
2150.0 0.236460958899
2200.0 0.236474997503
2250.0 0.236588935912
2300.0 0.236830601265
2350.0 0.236661055316
2400.0 0.236743886371
2450.0 0.236896420626
2500.0 0.237060091108
2550.0 0.237130392761
2600.0 0.237083087988
2650.0 0.2369797823
2700.0 0.237074756987
2750.0 0.236879239082
2800.0 0.237225679723
2850.0 0.237462182892
2900.0 0.237736895727
2950.0 0.237800975361
3000.0 0.23783400854
3050.0 0.237995853102
3100.0 0.238125141816
3150.0 0.238344293014
3200.0 0.238273988627
3250.0 0.238257060766
3300.0 0.238374804073
3350.0 0.238266636778
3400.0 0.238318245678
3450.0 0.238369179031
3500.0 0.238330043192
3550.0 0.238367808478
3600.0 0.238407976412
3650.0 0.238522612697
3700.0 0.238521246499
3750.0 0.238600162808
3800.0 0.238626472962
3850.0 0.23865075644
3900.0 0.238641944501
3950.0 0.238647897417
4000.0 0.238625082906
4050.0 0.23878199389
4100.0 0.238760519402
4150.0 0.238859074478
4200.0 0.238962864564
4250.0 0.23897147186
4300.0 0.238846593045
4350.0 0.238860490983
4400.0 0.238776341741
4450.0 0.238774326119
4500.0 0.23884148351
4550.0 0.23887265281
4600.0 0.238926884594
4650.0 0.239045579767
4700.0 0.239174421243
echo 2 loss 0.239184
echo 2 dev_loss 0.393867
echo 2 dev_accuracy 0.828720
50.0 0.146761999577
100.0 0.14988492243
150.0 0.148637429923
200.0 0.147961702682
250.0 0.149103070259
300.0 0.148934226409
350.0 0.149248522733
400.0 0.148456718056
450.0 0.14783885955
500.0 0.147304042734
550.0 0.147962740531
600.0 0.147951385664
650.0 0.147993554622
700.0 0.148013163794
750.0 0.148273364613
800.0 0.147613541353
850.0 0.147715388694
900.0 0.14782366549
950.0 0.147555158068
1000.0 0.147657242171
1050.0 0.147660771197
1100.0 0.147857476425
1150.0 0.148244225966
1200.0 0.148577689137
1250.0 0.148425721288
1300.0 0.148967550764
1350.0 0.149246825581
1400.0 0.149681948147
1450.0 0.149717146934
1500.0 0.150091798499
1550.0 0.150223490336
1600.0 0.150681253253
1650.0 0.150869964917
1700.0 0.150797619392
1750.0 0.151115887733
1800.0 0.151324390779
1850.0 0.151677980284
1900.0 0.151717300433
1950.0 0.152109251028
2000.0 0.152238199128
2050.0 0.152397637264
2100.0 0.152583379726
2150.0 0.152740404057
2200.0 0.152906645118
2250.0 0.153181175975
2300.0 0.153178056921
2350.0 0.153395609971
2400.0 0.153469216266
2450.0 0.153447284673
2500.0 0.153617021637
2550.0 0.153587666334
2600.0 0.153757257982
2650.0 0.153902614821
2700.0 0.153819103568
2750.0 0.154113629464
2800.0 0.154227514276
2850.0 0.154309443043
2900.0 0.154470423035
2950.0 0.15451939932
3000.0 0.154502564931
3050.0 0.154601163533
3100.0 0.154803824673
3150.0 0.154967044617
3200.0 0.155143150572
3250.0 0.155242485274
3300.0 0.155290410012
3350.0 0.155396691844
3400.0 0.155402321637
3450.0 0.155556328665
3500.0 0.155721269474
3550.0 0.155766571535
3600.0 0.155905200677
3650.0 0.15607898323
3700.0 0.156263925013
3750.0 0.156427122302
3800.0 0.156394252451
3850.0 0.156587402053
3900.0 0.156779685849
3950.0 0.156825017977
4000.0 0.156961426687
4050.0 0.157064714379
4100.0 0.157226191497
4150.0 0.157412438482
4200.0 0.157553626369
4250.0 0.157690820223
4300.0 0.157753671734
4350.0 0.15787528685
4400.0 0.158010355956
4450.0 0.158049559405
4500.0 0.158200319572
4550.0 0.158183238823
4600.0 0.158257760612
4650.0 0.158418196357
4700.0 0.158562736885
echo 3 loss 0.158604
echo 3 dev_loss 0.468391
echo 3 dev_accuracy 0.826620
50.0 0.0865157778189
100.0 0.0878249011561
150.0 0.087023927557
200.0 0.0859843149688
250.0 0.0867612358406
300.0 0.0876423211334
350.0 0.0879554007256
400.0 0.0886018381407
450.0 0.0887327887822
500.0 0.0900242857747
550.0 0.0901826380701
600.0 0.0905126603848
650.0 0.0903335874041
700.0 0.0897189826731
750.0 0.0903007990023
800.0 0.0906813203078
850.0 0.0907907882333
900.0 0.0909816079876
950.0 0.0909308768142
1000.0 0.0910970120393
1050.0 0.0913721343396
1100.0 0.0917678092877
1150.0 0.0915408586986
1200.0 0.0917358313641
1250.0 0.0916304348573
1300.0 0.0917939221357
1350.0 0.0922217891462
1400.0 0.0923195439484
1450.0 0.0922633214385
1500.0 0.0924530675796
1550.0 0.0925152312063
1600.0 0.0924485320738
1650.0 0.0924385928859
1700.0 0.0926814869495
1750.0 0.093013353913
1800.0 0.0932838247685
1850.0 0.093434344227
1900.0 0.0936427788191
1950.0 0.0937245497824
2000.0 0.0939112513987
2050.0 0.0940597299023
2100.0 0.0943654421265
2150.0 0.0945273088222
2200.0 0.094618791578
2250.0 0.0946230590319
2300.0 0.0946896417949
2350.0 0.0948237990342
2400.0 0.0951005059209
2450.0 0.0952335964577
2500.0 0.0952622571684
2550.0 0.0954239691392
2600.0 0.0955496271965
2650.0 0.0958131856928
2700.0 0.0959986277828
2750.0 0.0961571591029
2800.0 0.0963434318154
2850.0 0.0964496083786
2900.0 0.0967259386175
2950.0 0.0968456518631
3000.0 0.0969506006557
3050.0 0.0970566415756
3100.0 0.097152898835
3150.0 0.0972275504854
3200.0 0.0973906637827
3250.0 0.0976340674741
3300.0 0.0977735865178
3350.0 0.0978156189426
3400.0 0.098009413661
3450.0 0.097984680304
3500.0 0.0981026818002
3550.0 0.0981758526067
3600.0 0.0983691129125
3650.0 0.0985864301817
3700.0 0.0986573137882
3750.0 0.0988837304945
3800.0 0.0990253255551
3850.0 0.0991599411425
3900.0 0.099303849681
3950.0 0.0993192880124
4000.0 0.0994975977619
4050.0 0.0996379178068
4100.0 0.0996490866577
4150.0 0.0998710905361
4200.0 0.0999186125065
4250.0 0.100089633361
4300.0 0.100353204969
4350.0 0.100494904763
4400.0 0.100771809517
4450.0 0.101003710847
4500.0 0.101100032545
4550.0 0.101095976177
4600.0 0.101190143548
4650.0 0.101233191901
4700.0 0.101369741211
echo 4 loss 0.101540
echo 4 dev_loss 0.552928
echo 4 dev_accuracy 0.820780
50.0 0.0614172336273
100.0 0.057726186933
150.0 0.057297472364
200.0 0.0562998722447
250.0 0.0570684978254
300.0 0.0573185536483
350.0 0.0571617567859
400.0 0.0568306861445
450.0 0.0575399062989
500.0 0.0568258587047
550.0 0.0570564837788
600.0 0.0577386144518
650.0 0.0572560271879
700.0 0.0578423470551
750.0 0.0581606657642
800.0 0.0582758542441
850.0 0.0581342335232
900.0 0.0584536684129
950.0 0.0586169307453
1000.0 0.0586147205429
1050.0 0.0589003905973
1100.0 0.058964103009
1150.0 0.0590423505664
1200.0 0.0591975525355
1250.0 0.059527447968
1300.0 0.0595666195603
1350.0 0.0595126069799
1400.0 0.0596389879479
1450.0 0.0595973175398
1500.0 0.0597154642697
1550.0 0.0598188572641
1600.0 0.0598997334635
1650.0 0.0600200730669
1700.0 0.060190810782
1750.0 0.0604501034548
1800.0 0.0608072581028
1850.0 0.0609807479281
1900.0 0.0611336996044
1950.0 0.0612599754744
2000.0 0.061421183534
2050.0 0.0616079752229
2100.0 0.0618260080079
2150.0 0.0621032055931
2200.0 0.0622706162985
2250.0 0.0623558193747
2300.0 0.0624916871431
2350.0 0.0626734230283
2400.0 0.0627337905621
2450.0 0.0625868665469
2500.0 0.0627294298645
2550.0 0.0629338599745
2600.0 0.0631750058286
2650.0 0.0633166326544
2700.0 0.0634675711466
2750.0 0.0636583533886
2800.0 0.0638298207904
2850.0 0.0638741769972
2900.0 0.063920144748
2950.0 0.06401934402
3000.0 0.0641612295009
3050.0 0.0643107047949
3100.0 0.0643402881599
3150.0 0.0645758540612
3200.0 0.0645640521203
3250.0 0.0647310602192
3300.0 0.064832486125
3350.0 0.0649959342457
3400.0 0.0651289655737
3450.0 0.0652679504662
3500.0 0.0654268127156
3550.0 0.0655541941468
3600.0 0.0655975439997
3650.0 0.065716031961
3700.0 0.0658487073883
3750.0 0.0658048088608
3800.0 0.0659158455735
3850.0 0.0662087531056
3900.0 0.0664729015231
3950.0 0.0665645017421
4000.0 0.0667618894519
4050.0 0.0668760061547
4100.0 0.0669611629991
4150.0 0.0671449429158
4200.0 0.0673276322226
4250.0 0.0673461930263
4300.0 0.067528991229
4350.0 0.067601524396
4400.0 0.0676071645237
4450.0 0.0676101194312
4500.0 0.0675690279377
4550.0 0.0676940428885
4600.0 0.0677433652761
4650.0 0.0678328222944
4700.0 0.0679630321425
echo 5 loss 0.068076
echo 5 dev_loss 0.657531
echo 5 dev_accuracy 0.814720
50.0 0.0359107820597
100.0 0.0363610851346
150.0 0.0368408827639
200.0 0.037635165595
250.0 0.0382707265932
300.0 0.0375049190766
350.0 0.0399140578362
400.0 0.0400995659293
450.0 0.0402937539667
500.0 0.0401471519507
550.0 0.0399924547843
600.0 0.0395793157731
650.0 0.0393287951463
700.0 0.0393205495265
750.0 0.03990066887
800.0 0.0401353270194
850.0 0.0404925832936
900.0 0.0403266300949
950.0 0.0402193311538
1000.0 0.040474154646
1050.0 0.0405257275075
1100.0 0.0410203877908
1150.0 0.0413812432742
1200.0 0.0418557069548
1250.0 0.0418679821145
1300.0 0.0421609344294
1350.0 0.0422961530538
1400.0 0.0421803531177
1450.0 0.0422228243517
1500.0 0.0423355250818
1550.0 0.0426640124186
1600.0 0.0427200500225
1650.0 0.0427174532783
1700.0 0.0427531643762
1750.0 0.0428893787624
1800.0 0.0429765067024
1850.0 0.0431314925766
1900.0 0.0432658875697
1950.0 0.0433627694614
2000.0 0.0435257079124
2050.0 0.0436212027243
2100.0 0.0436867206879
2150.0 0.0437921005282
2200.0 0.0437988751346
2250.0 0.0438048147623
2300.0 0.0439145577766
2350.0 0.0439475529611
2400.0 0.0441062580389
2450.0 0.0441936846053
2500.0 0.0444148698671
2550.0 0.0444167657144
2600.0 0.0445120723375
2650.0 0.0445932325926
2700.0 0.0446656603892
2750.0 0.0449168022365
2800.0 0.0450400998665
2850.0 0.0450733352042
2900.0 0.0452749662536
2950.0 0.045538546893
3000.0 0.0457209200144
3050.0 0.04585345078
3100.0 0.0459667809778
3150.0 0.0460671331569
3200.0 0.0461348000339
3250.0 0.0462614379564
3300.0 0.0462941624635
3350.0 0.0464232839815
3400.0 0.04655990089
3450.0 0.046535369626
3500.0 0.0465894830516
3550.0 0.0467478419007
3600.0 0.0467966277412
3650.0 0.0469643667459
3700.0 0.0470643483884
3750.0 0.0471439142442
3800.0 0.0472092818779
3850.0 0.0472981337246
3900.0 0.0473856160246
3950.0 0.047447617081
4000.0 0.0475260406673
4050.0 0.0476423220098
4100.0 0.0477441230904
4150.0 0.047841507282
4200.0 0.0479001644818
4250.0 0.0480444489193
4300.0 0.0481236915937
4350.0 0.0482313315661
4400.0 0.0483016742985
4450.0 0.0484178252205
4500.0 0.0485299842806
4550.0 0.0485736376353
4600.0 0.0486303224476
4650.0 0.0486575523427
4700.0 0.0487117677984
echo 6 loss 0.048806
echo 6 dev_loss 0.733972
echo 6 dev_accuracy 0.809000
50.0 0.0273529257067
100.0 0.0276351359207
150.0 0.0272637828626
200.0 0.0269882359332
250.0 0.0274470478566
300.0 0.0270476861407
350.0 0.027766212974
400.0 0.0276777783176
450.0 0.0280774925054
500.0 0.0280455991067
550.0 0.0277133359967
600.0 0.0276470737986
650.0 0.0274496741806
700.0 0.0277071009651
750.0 0.0279342386836
800.0 0.0282887852036
850.0 0.0284671028343
900.0 0.0285944357391
950.0 0.0285862154853
1000.0 0.0288903982212
1050.0 0.0288262142366
1100.0 0.0287673719851
1150.0 0.0291306817322
1200.0 0.0293097418606
1250.0 0.0294485464592
1300.0 0.0295700636249
1350.0 0.029962487274
1400.0 0.0302613748697
1450.0 0.0304785815865
1500.0 0.0305908546815
1550.0 0.0308382306312
1600.0 0.030929954933
1650.0 0.030981234493
1700.0 0.0310418672885
1750.0 0.0312336084221
1800.0 0.0313354140812
1850.0 0.0313312377032
1900.0 0.0315314281567
1950.0 0.0315951273604
2000.0 0.0316671280322
2050.0 0.0318019494482
2100.0 0.0319327968762
2150.0 0.032181083819
2200.0 0.0322513292298
2250.0 0.0323525464559
2300.0 0.0324780011385
2350.0 0.0324413017781
2400.0 0.0324419171776
2450.0 0.03246420361
2500.0 0.0326211878234
2550.0 0.0326147168239
2600.0 0.0326486122115
2650.0 0.0328017855669
2700.0 0.0329368919767
2750.0 0.0330636288535
2800.0 0.0332036405803
2850.0 0.0333030789585
2900.0 0.0334145478035
2950.0 0.0335114525069
3000.0 0.0335702711542
3050.0 0.0336977669105
3100.0 0.033774837238
3150.0 0.0338951672057
3200.0 0.0339370312937
3250.0 0.0340357907394
3300.0 0.0341108252806
3350.0 0.0341856617798
3400.0 0.0342628045765
3450.0 0.0344274083696
3500.0 0.0345347590333
3550.0 0.0345969960425
3600.0 0.0346256469895
3650.0 0.0346849617221
3700.0 0.0347867579154
3750.0 0.034875347574
3800.0 0.0349744855117
3850.0 0.0350404583722
3900.0 0.0351411915559
3950.0 0.0352066697507
4000.0 0.0352281448506
4050.0 0.0353187671435
4100.0 0.0354765323629
4150.0 0.0355129317523
4200.0 0.0355234008587
4250.0 0.0355233563871
4300.0 0.0356482930374
4350.0 0.0357036740435
4400.0 0.0358121972474
4450.0 0.0359198253595
4500.0 0.0359576403213
4550.0 0.0360334056186
4600.0 0.0360547927074
4650.0 0.0361086552628
4700.0 0.036170938597
echo 7 loss 0.036216
echo 7 dev_loss 0.832050
echo 7 dev_accuracy 0.807160
50.0 0.0217862596782
100.0 0.0206397281331
150.0 0.0204187663179
200.0 0.0208190857561
250.0 0.0210789443571
300.0 0.0201108790608
350.0 0.0202033420542
400.0 0.0204494267501
450.0 0.0208924945938
500.0 0.0209440662034
550.0 0.021227831751
600.0 0.0212808956425
650.0 0.0215284304308
700.0 0.0217766115168
750.0 0.0220125260293
800.0 0.0218371700328
850.0 0.0216817378947
900.0 0.0218026487014
950.0 0.0217289539853
1000.0 0.0220139036237
1050.0 0.0220670805634
1100.0 0.0220801768175
1150.0 0.0220846400258
1200.0 0.0222018000435
1250.0 0.0224250916077
1300.0 0.0223469483048
1350.0 0.0223492226187
1400.0 0.0225918565348
1450.0 0.022702618953
1500.0 0.0228243668308
1550.0 0.0230406209991
1600.0 0.0231805260345
1650.0 0.0232650360838
1700.0 0.023432695812
1750.0 0.023525890695
1800.0 0.0235707838893
1850.0 0.0236563430297
1900.0 0.0238311656504
1950.0 0.0239067628541
2000.0 0.0240065686941
2050.0 0.0241782863016
2100.0 0.0242744090145
2150.0 0.0243361074034
2200.0 0.0245004727247
2250.0 0.0245563657638
2300.0 0.0246943427358
2350.0 0.0248917012482
2400.0 0.0249194850299
2450.0 0.0250124238615
2500.0 0.0251088459208
2550.0 0.025255321886
2600.0 0.0253191419989
2650.0 0.025579239974
2700.0 0.0257101460375
2750.0 0.0257985529945
2800.0 0.025852808795
2850.0 0.0259601515556
2900.0 0.0260673128078
2950.0 0.0261063485761
3000.0 0.0261795337807
3050.0 0.0262609798868
3100.0 0.026365113865
3150.0 0.0264456996067
3200.0 0.0265115124361
3250.0 0.026517523055
3300.0 0.0265235633325
3350.0 0.0266146084273
3400.0 0.0266881209649
3450.0 0.0267490875849
3500.0 0.0267661805361
3550.0 0.0267863364797
3600.0 0.0269060722185
3650.0 0.0269650984395
3700.0 0.0270296245372
3750.0 0.0271181073811
3800.0 0.0272040624269
3850.0 0.0272578263916
3900.0 0.0273381561251
3950.0 0.0273263212897
4000.0 0.0274022040964
4050.0 0.0274493474074
4100.0 0.0275455367951
4150.0 0.0276565154793
4200.0 0.0276635511861
4250.0 0.0276590716901
4300.0 0.027663140464
4350.0 0.0276732964023
4400.0 0.0277700042978
4450.0 0.027851907154
4500.0 0.0279420825732
4550.0 0.0279964482292
4600.0 0.0280069662718
4650.0 0.0281176636629
4700.0 0.0281903309117
echo 8 loss 0.028215
echo 8 dev_loss 0.902128
echo 8 dev_accuracy 0.804700
50.0 0.0195973033365
100.0 0.0157105075894
150.0 0.0159011299357
200.0 0.0149401426985
250.0 0.0150484385905
300.0 0.0146368795645
350.0 0.0144400666135
400.0 0.0143606516885
450.0 0.0148945755526
500.0 0.0150757200693
550.0 0.0151846628102
600.0 0.0153590495365
650.0 0.0154007606514
700.0 0.0157684957528
750.0 0.0159056470601
800.0 0.016025034573
850.0 0.0160683070987
900.0 0.0160091487115
950.0 0.0161838749424
1000.0 0.0164275783045
1050.0 0.0164108308331
1100.0 0.0165457220521
1150.0 0.0166553819952
1200.0 0.0168980671686
1250.0 0.0170272392097
1300.0 0.0172271371452
1350.0 0.0172412570024
1400.0 0.0173491019775
1450.0 0.0173243558434
1500.0 0.0172862880899
1550.0 0.0173874381482
1600.0 0.0175192154808
1650.0 0.0175645628328
1700.0 0.0177407710009
1750.0 0.0179015618564
1800.0 0.0180909580062
1850.0 0.0182574369142
1900.0 0.0182550896006
1950.0 0.018438789488
2000.0 0.0185500413764
2050.0 0.0186759416365
2100.0 0.0188063337047
2150.0 0.0189705989064
2200.0 0.0191333200624
2250.0 0.0191765685004
2300.0 0.0193279497064
2350.0 0.0193682647329
2400.0 0.0194340970215
2450.0 0.0194941297962
2500.0 0.019583357825
2550.0 0.0197602395814
2600.0 0.0197822089923
2650.0 0.0198398913041
2700.0 0.0198539867524
2750.0 0.019902710238
2800.0 0.0200056718769
2850.0 0.020077154303
2900.0 0.0201648238531
2950.0 0.0202687632128
3000.0 0.0203026905864
3050.0 0.0203710969733
3100.0 0.020450714638
3150.0 0.0205465156822
3200.0 0.0205548394391
3250.0 0.020605665692
3300.0 0.0206012591117
3350.0 0.0206447176583
3400.0 0.0207252730297
3450.0 0.0207498432193
3500.0 0.0208279955233
3550.0 0.0208724791583
3600.0 0.0209325896897
3650.0 0.0209655892377
3700.0 0.0210058811096
3750.0 0.0210391319915
3800.0 0.0211590904699
3850.0 0.0211771783298
3900.0 0.0212207426609
3950.0 0.0213497633853
4000.0 0.02138728862
4050.0 0.0215300981282
4100.0 0.0216196179803
4150.0 0.0216728764899
4200.0 0.0217057441281
4250.0 0.0217751073351
4300.0 0.0218646191501
4350.0 0.0218696644964
4400.0 0.0219225673017
4450.0 0.0220310627939
4500.0 0.0220680829336
4550.0 0.0221226427156
4600.0 0.0221928214118
4650.0 0.0222493448655
4700.0 0.0223239776311
echo 9 loss 0.022373
echo 9 dev_loss 0.979972
echo 9 dev_accuracy 0.798340
50.0 0.013055098051
100.0 0.0130975937651
150.0 0.0125596657919
200.0 0.0130027395283
250.0 0.0120071472717
300.0 0.0120385048818
350.0 0.0120559314073
400.0 0.0124488426623
450.0 0.0124574183501
500.0 0.0122616761856
550.0 0.0126612664776
600.0 0.0127678491559
650.0 0.0127291199389
700.0 0.0130525052052
750.0 0.0132855755356
800.0 0.0134107929798
850.0 0.013289562176
900.0 0.0133068296824
950.0 0.0135394301669
1000.0 0.013835588815
1050.0 0.0139928876365
1100.0 0.0140720603279
1150.0 0.0142618144936
1200.0 0.0142641078517
1250.0 0.0144230996187
1300.0 0.0145908952955
1350.0 0.0145573732551
1400.0 0.0145386598295
1450.0 0.0146129541275
1500.0 0.0147681251399
1550.0 0.0147901710985
1600.0 0.0147402021829
1650.0 0.0146621491222
1700.0 0.0146828010386
1750.0 0.0147905777562
1800.0 0.0148155257898
1850.0 0.014872141174
1900.0 0.0150041950228
1950.0 0.0151973175361
2000.0 0.0152672505938
2050.0 0.015331662648
2100.0 0.0153009504761
2150.0 0.0153740114394
2200.0 0.0154891718876
2250.0 0.0155807470136
2300.0 0.0155851410314
2350.0 0.0156263301177
2400.0 0.0156447278175
2450.0 0.0157404284083
2500.0 0.0159038936815
2550.0 0.0160132101768
2600.0 0.0161133211996
2650.0 0.016165377092
2700.0 0.0162549623909
2750.0 0.0163132580115
2800.0 0.0163405893789
2850.0 0.0163497398073
2900.0 0.0164237021979
2950.0 0.0166173909134
3000.0 0.0166990872219
3050.0 0.0167313137452
3100.0 0.0168456628123
3150.0 0.0169619691802
3200.0 0.0170063113811
3250.0 0.0170286231172
3300.0 0.0170245305402
3350.0 0.0170832557298
3400.0 0.0172091634915
3450.0 0.017238882699
3500.0 0.0172649307059
3550.0 0.0173885443109
3600.0 0.0174190766316
3650.0 0.0174151624421
3700.0 0.0174411829401
3750.0 0.0174745659849
3800.0 0.0175191830809
3850.0 0.0175474451563
3900.0 0.0176140880279
3950.0 0.017684047342
4000.0 0.017695964122
4050.0 0.0177728988444
4100.0 0.0178666941324
4150.0 0.0179184288696
4200.0 0.0179597629036
4250.0 0.0180053941523
4300.0 0.018046969795
4350.0 0.0180455592591
4400.0 0.01809027962
4450.0 0.0181703131614
4500.0 0.0183047920659
4550.0 0.0183553840954
4600.0 0.0184377064589
4650.0 0.0184717439849
4700.0 0.0185312492854
echo 10 loss 0.018569
echo 10 dev_loss 1.050350
echo 10 dev_accuracy 0.796